The system is: Windows - 10.0.19045 - AMD64
Compiling the C compiler identification source file "CMakeCCompilerId.c" succeeded.
Compiler: D:/VS2022/VC/Tools/MSVC/14.33.31629/bin/Hostx86/x86/cl.exe 
Build flags: 
Id flags:  

The output was:
0
用于 x86 的 Microsoft (R) C/C++ 优化编译器 19.33.31630 版
版权所有(C) Microsoft Corporation。保留所有权利。

CMakeCCompilerId.c
Microsoft (R) Incremental Linker Version 14.33.31630.0
Copyright (C) Microsoft Corporation.  All rights reserved.

/out:CMakeCCompilerId.exe 
CMakeCCompilerId.obj 


Compilation of the C compiler identification source "CMakeCCompilerId.c" produced "CMakeCCompilerId.exe"

Compilation of the C compiler identification source "CMakeCCompilerId.c" produced "CMakeCCompilerId.obj"

The C compiler identification is MSVC, found in "C:/Users/24664/Desktop/Part9/build/elf2uf2/CMakeFiles/3.25.0-rc4/CompilerIdC/CMakeCCompilerId.exe"

Compiling the CXX compiler identification source file "CMakeCXXCompilerId.cpp" succeeded.
Compiler: D:/VS2022/VC/Tools/MSVC/14.33.31629/bin/Hostx86/x86/cl.exe 
Build flags: 
Id flags:  

The output was:
0
用于 x86 的 Microsoft (R) C/C++ 优化编译器 19.33.31630 版
版权所有(C) Microsoft Corporation。保留所有权利。

CMakeCXXCompilerId.cpp
Microsoft (R) Incremental Linker Version 14.33.31630.0
Copyright (C) Microsoft Corporation.  All rights reserved.

/out:CMakeCXXCompilerId.exe 
CMakeCXXCompilerId.obj 


Compilation of the CXX compiler identification source "CMakeCXXCompilerId.cpp" produced "CMakeCXXCompilerId.exe"

Compilation of the CXX compiler identification source "CMakeCXXCompilerId.cpp" produced "CMakeCXXCompilerId.obj"

The CXX compiler identification is MSVC, found in "C:/Users/24664/Desktop/Part9/build/elf2uf2/CMakeFiles/3.25.0-rc4/CompilerIdCXX/CMakeCXXCompilerId.exe"

Detecting C compiler ABI info compiled with the following output:
Change Dir: C:/Users/24664/Desktop/Part9/build/elf2uf2/CMakeFiles/CMakeScratch/TryCompile-apdkn2

Run Build Command(s):nmake -f Makefile /nologo cmTC_f0c91\fast && 	D:\VS2022\VC\Tools\MSVC\14.33.31629\bin\HostX86\x86\nmake.exe  -f CMakeFiles\cmTC_f0c91.dir\build.make /nologo -L                  CMakeFiles\cmTC_f0c91.dir\build
Building C object CMakeFiles/cmTC_f0c91.dir/CMakeCCompilerABI.c.obj
	"C:\Program Files\CMake\bin\cmake.exe" -E cmake_cl_compile_depends --dep-file=CMakeFiles\cmTC_f0c91.dir\CMakeCCompilerABI.c.obj.d --working-dir=C:\Users\24664\Desktop\Part9\build\elf2uf2\CMakeFiles\CMakeScratch\TryCompile-apdkn2 --filter-prefix="注意: 包含文件:  " -- D:\VS2022\VC\Tools\MSVC\14.33.31629\bin\Hostx86\x86\cl.exe @C:\Users\24664\AppData\Local\Temp\nm51D7.tmp
CMakeCCompilerABI.c
?鈷? 鍖呭惈鏂囦欢:  C:\Program Files\CMake\share\cmake-3.25\Modules\CMakeCompilerABI.h
Linking C executable cmTC_f0c91.exe
	"C:\Program Files\CMake\bin\cmake.exe" -E vs_link_exe --intdir=CMakeFiles\cmTC_f0c91.dir --rc=C:\PROGRA~2\WI3CF2~1\10\bin\100190~1.0\x86\rc.exe --mt=C:\PROGRA~2\WI3CF2~1\10\bin\100190~1.0\x86\mt.exe --manifests -- D:\VS2022\VC\Tools\MSVC\14.33.31629\bin\Hostx86\x86\link.exe /nologo @CMakeFiles\cmTC_f0c91.dir\objects1 @C:\Users\24664\AppData\Local\Temp\nm53AD.tmp



Detecting CXX compiler ABI info compiled with the following output:
Change Dir: C:/Users/24664/Desktop/Part9/build/elf2uf2/CMakeFiles/CMakeScratch/TryCompile-y13bf1

Run Build Command(s):nmake -f Makefile /nologo cmTC_35f09\fast && 	D:\VS2022\VC\Tools\MSVC\14.33.31629\bin\HostX86\x86\nmake.exe  -f CMakeFiles\cmTC_35f09.dir\build.make /nologo -L                  CMakeFiles\cmTC_35f09.dir\build
Building CXX object CMakeFiles/cmTC_35f09.dir/CMakeCXXCompilerABI.cpp.obj
	"C:\Program Files\CMake\bin\cmake.exe" -E cmake_cl_compile_depends --dep-file=CMakeFiles\cmTC_35f09.dir\CMakeCXXCompilerABI.cpp.obj.d --working-dir=C:\Users\24664\Desktop\Part9\build\elf2uf2\CMakeFiles\CMakeScratch\TryCompile-y13bf1 --filter-prefix="注意: 包含文件:  " -- D:\VS2022\VC\Tools\MSVC\14.33.31629\bin\Hostx86\x86\cl.exe @C:\Users\24664\AppData\Local\Temp\nm56B9.tmp
CMakeCXXCompilerABI.cpp
?鈷? 鍖呭惈鏂囦欢:  C:\Program Files\CMake\share\cmake-3.25\Modules\CMakeCompilerABI.h
Linking CXX executable cmTC_35f09.exe
	"C:\Program Files\CMake\bin\cmake.exe" -E vs_link_exe --intdir=CMakeFiles\cmTC_35f09.dir --rc=C:\PROGRA~2\WI3CF2~1\10\bin\100190~1.0\x86\rc.exe --mt=C:\PROGRA~2\WI3CF2~1\10\bin\100190~1.0\x86\mt.exe --manifests -- D:\VS2022\VC\Tools\MSVC\14.33.31629\bin\Hostx86\x86\link.exe /nologo @CMakeFiles\cmTC_35f09.dir\objects1 @C:\Users\24664\AppData\Local\Temp\nm5766.tmp



